[debug] [2022-05-17T07:33:20.912Z] ----------------------------------------------------------------------
[debug] [2022-05-17T07:33:20.915Z] Command:       C:\Program Files\nodejs\node.exe C:\Users\Saurabh\AppData\Roaming\npm\node_modules\firebase-tools\lib\bin\firebase.js deploy
[debug] [2022-05-17T07:33:20.915Z] CLI Version:   9.22.0
[debug] [2022-05-17T07:33:20.915Z] Platform:      win32
[debug] [2022-05-17T07:33:20.916Z] Node Version:  v16.13.0
[debug] [2022-05-17T07:33:20.917Z] Time:          Tue May 17 2022 13:03:20 GMT+0530 (India Standard Time)
[debug] [2022-05-17T07:33:20.917Z] ----------------------------------------------------------------------
[debug] 
[debug] [2022-05-17T07:33:21.000Z] > command requires scopes: ["email","openid","https://www.googleapis.com/auth/cloudplatformprojects.readonly","https://www.googleapis.com/auth/firebase","https://www.googleapis.com/auth/cloud-platform"]
[debug] [2022-05-17T07:33:21.000Z] > authorizing via signed-in user (dbse.computer.science@gmail.com)
[debug] [2022-05-17T07:33:21.001Z] [iam] checking project dbserepository for permissions ["firebase.projects.get","firebasehosting.sites.update"]
[debug] [2022-05-17T07:33:21.004Z] >>> HTTP REQUEST POST https://cloudresourcemanager.googleapis.com/v1/projects/dbserepository:testIamPermissions  
 {"permissions":["firebase.projects.get","firebasehosting.sites.update"]}
[debug] [2022-05-17T07:33:22.983Z] <<< HTTP RESPONSE 200 {"content-type":"application/json; charset=UTF-8","vary":"X-Origin, Referer, Origin,Accept-Encoding","date":"Tue, 17 May 2022 07:33:22 GMT","server":"ESF","cache-control":"private","x-xss-protection":"0","x-frame-options":"SAMEORIGIN","x-content-type-options":"nosniff","server-timing":"gfet4t7; dur=1336","alt-svc":"h3=\":443\"; ma=2592000,h3-29=\":443\"; ma=2592000,h3-Q050=\":443\"; ma=2592000,h3-Q046=\":443\"; ma=2592000,h3-Q043=\":443\"; ma=2592000,quic=\":443\"; ma=2592000; v=\"46,43\"","accept-ranges":"none","transfer-encoding":"chunked"}
[debug] [2022-05-17T07:33:22.986Z] > refreshing access token with scopes: []
[debug] [2022-05-17T07:33:22.987Z] >>> HTTP REQUEST POST https://www.googleapis.com/oauth2/v3/token  
 <request body omitted>
[debug] [2022-05-17T07:33:23.331Z] <<< HTTP RESPONSE 200 {"date":"Tue, 17 May 2022 07:33:23 GMT","pragma":"no-cache","cache-control":"no-cache, no-store, max-age=0, must-revalidate","expires":"Mon, 01 Jan 1990 00:00:00 GMT","content-type":"application/json; charset=utf-8","vary":"X-Origin, Referer, Origin,Accept-Encoding","server":"scaffolding on HTTPServer2","x-xss-protection":"0","x-frame-options":"SAMEORIGIN","x-content-type-options":"nosniff","alt-svc":"h3=\":443\"; ma=2592000,h3-29=\":443\"; ma=2592000,h3-Q050=\":443\"; ma=2592000,h3-Q046=\":443\"; ma=2592000,h3-Q043=\":443\"; ma=2592000,quic=\":443\"; ma=2592000; v=\"46,43\"","accept-ranges":"none","transfer-encoding":"chunked"}
[debug] [2022-05-17T07:33:23.454Z] >>> [apiv2][query] GET https://firebase.googleapis.com/v1beta1/projects/dbserepository [none]
[debug] [2022-05-17T07:33:24.228Z] <<< [apiv2][status] GET https://firebase.googleapis.com/v1beta1/projects/dbserepository 200
[debug] [2022-05-17T07:33:24.229Z] <<< [apiv2][body] GET https://firebase.googleapis.com/v1beta1/projects/dbserepository {"projectId":"dbserepository","projectNumber":"18901913233","displayName":"dbserepository","name":"projects/dbserepository","resources":{"hostingSite":"dbserepository","storageBucket":"dbserepository.appspot.com","locationId":"us-central"},"state":"ACTIVE"}
[info] 
[info] === Deploying to 'dbserepository'...
[info] 
[info] i  deploying hosting 
[debug] [2022-05-17T07:33:24.240Z] > refreshing access token with scopes: ["email","https://www.googleapis.com/auth/cloud-platform","https://www.googleapis.com/auth/cloudplatformprojects.readonly","https://www.googleapis.com/auth/firebase","openid"]
[debug] [2022-05-17T07:33:24.240Z] >>> HTTP REQUEST POST https://www.googleapis.com/oauth2/v3/token  
 <request body omitted>
[debug] [2022-05-17T07:33:24.573Z] <<< HTTP RESPONSE 200 {"date":"Tue, 17 May 2022 07:33:24 GMT","expires":"Mon, 01 Jan 1990 00:00:00 GMT","pragma":"no-cache","cache-control":"no-cache, no-store, max-age=0, must-revalidate","content-type":"application/json; charset=utf-8","vary":"X-Origin, Referer, Origin,Accept-Encoding","server":"scaffolding on HTTPServer2","x-xss-protection":"0","x-frame-options":"SAMEORIGIN","x-content-type-options":"nosniff","alt-svc":"h3=\":443\"; ma=2592000,h3-29=\":443\"; ma=2592000,h3-Q050=\":443\"; ma=2592000,h3-Q046=\":443\"; ma=2592000,h3-Q043=\":443\"; ma=2592000,quic=\":443\"; ma=2592000; v=\"46,43\"","accept-ranges":"none","transfer-encoding":"chunked"}
[debug] [2022-05-17T07:33:24.675Z] >>> HTTP REQUEST POST https://firebasehosting.googleapis.com/v1beta1/sites/dbserepository/versions  
 {"config":{"rewrites":[{"glob":"**","path":"/index.html"}]},"labels":{"deployment-tool":"cli-firebase"}}
[debug] [2022-05-17T07:33:26.860Z] <<< HTTP RESPONSE 200 {"content-type":"application/json; charset=UTF-8","vary":"X-Origin, Referer, Origin,Accept-Encoding","date":"Tue, 17 May 2022 07:33:26 GMT","server":"ESF","cache-control":"private","x-xss-protection":"0","x-frame-options":"SAMEORIGIN","x-content-type-options":"nosniff","alt-svc":"h3=\":443\"; ma=2592000,h3-29=\":443\"; ma=2592000,h3-Q050=\":443\"; ma=2592000,h3-Q046=\":443\"; ma=2592000,h3-Q043=\":443\"; ma=2592000,quic=\":443\"; ma=2592000; v=\"46,43\"","accept-ranges":"none","transfer-encoding":"chunked"}
[info] i  hosting[dbserepository]: beginning deploy... 
[info] i  hosting[dbserepository]: found 22 files in dist\e-content-repository 
[debug] [2022-05-17T07:33:27.968Z] > refreshing access token with scopes: []
[debug] [2022-05-17T07:33:27.968Z] >>> HTTP REQUEST POST https://www.googleapis.com/oauth2/v3/token  
 <request body omitted>
[debug] [2022-05-17T07:33:27.971Z] [hosting] hash cache [ZGlzdFxlLWNvbnRlbnQtcmVwb3NpdG9yeQ] stored for 22 files
[debug] [2022-05-17T07:33:27.971Z] [hosting][hash queue][FINAL] {"max":1010,"min":0,"avg":145.6818181818182,"active":0,"complete":22,"success":22,"errored":0,"retried":0,"total":22,"elapsed":1029}
[debug] [2022-05-17T07:33:28.278Z] <<< HTTP RESPONSE 200 {"date":"Tue, 17 May 2022 07:33:28 GMT","cache-control":"no-cache, no-store, max-age=0, must-revalidate","expires":"Mon, 01 Jan 1990 00:00:00 GMT","pragma":"no-cache","content-type":"application/json; charset=utf-8","vary":"X-Origin, Referer, Origin,Accept-Encoding","server":"scaffolding on HTTPServer2","x-xss-protection":"0","x-frame-options":"SAMEORIGIN","x-content-type-options":"nosniff","alt-svc":"h3=\":443\"; ma=2592000,h3-29=\":443\"; ma=2592000,h3-Q050=\":443\"; ma=2592000,h3-Q046=\":443\"; ma=2592000,h3-Q043=\":443\"; ma=2592000,quic=\":443\"; ma=2592000; v=\"46,43\"","accept-ranges":"none","transfer-encoding":"chunked"}
[debug] [2022-05-17T07:33:28.357Z] >>> [apiv2][query] POST https://firebasehosting.googleapis.com/v1beta1/sites/dbserepository/versions/dc5d829fe293faa0:populateFiles [none]
[debug] [2022-05-17T07:33:28.357Z] >>> [apiv2][body] POST https://firebasehosting.googleapis.com/v1beta1/sites/dbserepository/versions/dc5d829fe293faa0:populateFiles {"files":{"/assets/images/background.png":"973d915223f5da6bcc762b39be29c5fc157860ab2a04472f99c0c81be8be792a","/assets/images/banner.png":"294d60e7d7df1ad10583a8c3a075a473446c6fa1d8d50244813a3704c02242f7","/assets/images/banner1.png":"887c927a674469000a02b80fd3ae54cbea4f773f8b56d1c8380d24d9a1a5b2f5","/assets/images/banner2.png":"2b60b9bb739db7434b87f59c2001fdcec061dd5c41dd68c9851d38b4747bd920","/assets/images/banner3.png":"7f81c990d02d892acb944dd6bcaf264bed8fba1c16a73d06826e81f2b2521343","/assets/images/delhi.png":"609e3d2f82786962d72935b2e9ea5e1ad4dd45e1ebde29dc21f9b61d8478cb7a","/assets/images/e-learning logo.png":"5cf554f010896b940169bfe240998d4dfe5e77c4dd8160525405996f33233db0","/assets/images/logo.png":"f7605790aac78ed100a81527070be56f2493d52440418ca1f876dc2b38dde8d0","/assets/images/pencil.png":"263fad66317a9bad09b819aec51613447255a547fbad5b084aa83651f5d4e238","/assets/images/pencil2.png":"0b5ba8fdcdb8d5cafdc265a7ff1ec299cb6905485d695e185a67ab83d4838bac","/index.html":"59e528d14a83604565bfb675ca174008211cc45c6732726b561d88fd35580383","/main.js.map":"7fddf9071b80110bb3274be852ff085682610e2bd0eef3a1f2cd69a7b02869cd","/runtime.js":"c31c3c31c954804f2d0da5c3d847f41d9d55fb1e577492fbe1a7b62739c0bf36","/runtime.js.map":"acc45781147c9c0fb8dab5f41ee1bfbccd4de0d70f3be4fa54ef619fe6b7d3bb","/main.js":"37cc5fc9f8ddb496a8fdd7ac8e716a40eb5a319f407be222beb942da6dd354e9","/polyfills.js":"3624d77769b8c626a23f279665c76d3950b56722e712bcc1f5d1ed5ee08cfc74","/banner.png":"294d60e7d7df1ad10583a8c3a075a473446c6fa1d8d50244813a3704c02242f7","/polyfills.js.map":"370e63c0fa073003ea17a78e23c2a52a7155a49d07cc3fe33bd3e96c7572eba9","/styles.js":"6d888fb0a9ee39ba50aae1ebdfdd81ea8a311d606af087af9616464a73d2b646","/styles.js.map":"2ef8e9b97060543d07988bc4fc2fc055062e044e1d64e63579cb9f7e158b6998","/vendor.js":"2a5ccbead6f1760af616507a909f48e682bf9484c78261fc98ccac35303469dc","/vendor.js.map":"0a8ddcd7ced73dbbc9a48112c027bce575daeedb24ea69b60f1b17432a6c7375"}}
[debug] [2022-05-17T07:33:30.281Z] <<< [apiv2][status] POST https://firebasehosting.googleapis.com/v1beta1/sites/dbserepository/versions/dc5d829fe293faa0:populateFiles 200
[debug] [2022-05-17T07:33:30.281Z] <<< [apiv2][body] POST https://firebasehosting.googleapis.com/v1beta1/sites/dbserepository/versions/dc5d829fe293faa0:populateFiles {"uploadRequiredHashes":["7fddf9071b80110bb3274be852ff085682610e2bd0eef3a1f2cd69a7b02869cd","37cc5fc9f8ddb496a8fdd7ac8e716a40eb5a319f407be222beb942da6dd354e9"],"uploadUrl":"https://upload-firebasehosting.googleapis.com/upload/sites/dbserepository/versions/dc5d829fe293faa0/files"}
[debug] [2022-05-17T07:33:30.282Z] >>> [apiv2][query] POST https://upload-firebasehosting.googleapis.com/upload/sites/dbserepository/versions/dc5d829fe293faa0/files/7fddf9071b80110bb3274be852ff085682610e2bd0eef3a1f2cd69a7b02869cd [none]
[debug] [2022-05-17T07:33:30.282Z] >>> [apiv2][body] POST https://upload-firebasehosting.googleapis.com/upload/sites/dbserepository/versions/dc5d829fe293faa0/files/7fddf9071b80110bb3274be852ff085682610e2bd0eef3a1f2cd69a7b02869cd [stream]
[debug] [2022-05-17T07:33:30.284Z] >>> [apiv2][query] POST https://upload-firebasehosting.googleapis.com/upload/sites/dbserepository/versions/dc5d829fe293faa0/files/37cc5fc9f8ddb496a8fdd7ac8e716a40eb5a319f407be222beb942da6dd354e9 [none]
[debug] [2022-05-17T07:33:30.284Z] >>> [apiv2][body] POST https://upload-firebasehosting.googleapis.com/upload/sites/dbserepository/versions/dc5d829fe293faa0/files/37cc5fc9f8ddb496a8fdd7ac8e716a40eb5a319f407be222beb942da6dd354e9 [stream]
[debug] [2022-05-17T07:33:30.286Z] [hosting][populate queue][FINAL] {"max":2315,"min":2315,"avg":2315,"active":0,"complete":1,"success":1,"errored":0,"retried":0,"total":1,"elapsed":2319}
[debug] [2022-05-17T07:33:30.286Z] [hosting] uploads queued: 2
[debug] [2022-05-17T07:33:32.375Z] <<< [apiv2][status] POST https://upload-firebasehosting.googleapis.com/upload/sites/dbserepository/versions/dc5d829fe293faa0/files/37cc5fc9f8ddb496a8fdd7ac8e716a40eb5a319f407be222beb942da6dd354e9 200
[debug] [2022-05-17T07:33:32.375Z] <<< [apiv2][body] POST https://upload-firebasehosting.googleapis.com/upload/sites/dbserepository/versions/dc5d829fe293faa0/files/37cc5fc9f8ddb496a8fdd7ac8e716a40eb5a319f407be222beb942da6dd354e9 [stream]
